#
# A fatal error has been detected by the Java Runtime Environment:
#
#  Internal Error (os_linux_x86.cpp:291), pid=7179, tid=0xf70cfb40
#  fatal error: An irrecoverable SI_KERNEL SIGSEGV has occurred due to unstable signal handling in this distribution.
#
# JRE version: Java(TM) SE Runtime Environment (8.0_221-b11) (build 1.8.0_221-b11)
# Java VM: Java HotSpot(TM) Client VM (25.221-b11 mixed mode linux-x86 )
# Failed to write core dump. Core dumps have been disabled. To enable core dumping, try "ulimit -c unlimited" before starting Java again
#
# If you would like to submit a bug report, please visit:
#   http://bugreport.java.com/bugreport/crash.jsp
#

---------------  T H R E A D  ---------------

Current thread (0xf6f09c00):  JavaThread "main" [_thread_in_vm, id=7183, stack(0xf7080000,0xf70d0000)]

Stack: [0xf7080000,0xf70d0000],  sp=0xf70cb350,  free space=300k
Native frames: (J=compiled Java code, j=interpreted, Vv=VM code, C=native code)
V  [libjvm.so+0x5fb6d8]  VMError::report_and_die()+0x2c8
V  [libjvm.so+0x22352b]  report_fatal(char const*, int, char const*)+0x4b
V  [libjvm.so+0x4d0e33]  JVM_handle_linux_signal+0x263
V  [libjvm.so+0x4c2e90]  signalHandler(int, siginfo*, void*)+0x30
C  [linux-gate.so.1+0x960]  __kernel_rt_sigreturn+0x0

Java frames: (J=compiled Java code, j=interpreted, Vv=VM code)
j  java.lang.System.nanoTime()J+0
j  java.lang.ClassLoader.loadClass(Ljava/lang/String;Z)Ljava/lang/Class;+20
j  sun.misc.Launcher$AppClassLoader.loadClass(Ljava/lang/String;Z)Ljava/lang/Class;+81
j  java.lang.ClassLoader.loadClass(Ljava/lang/String;)Ljava/lang/Class;+3
v  ~StubRoutines::call_stub
j  com.sun.tools.javac.jvm.ClassReader.<init>(Lcom/sun/tools/javac/util/Context;Z)V+194
j  com.sun.tools.javac.jvm.ClassReader.instance(Lcom/sun/tools/javac/util/Context;)Lcom/sun/tools/javac/jvm/ClassReader;+21
j  com.sun.tools.javac.main.JavaCompiler.<init>(Lcom/sun/tools/javac/util/Context;)V+137
j  com.sun.tools.javac.main.JavaCompiler.instance(Lcom/sun/tools/javac/util/Context;)Lcom/sun/tools/javac/main/JavaCompiler;+20
j  com.sun.tools.javac.main.Main.compile([Ljava/lang/String;[Ljava/lang/String;Lcom/sun/tools/javac/util/Context;Lcom/sun/tools/javac/util/List;Ljava/lang/Iterable;)Lcom/sun/tools/javac/main/Main$Result;+929
j  com.sun.tools.javac.main.Main.compile([Ljava/lang/String;Lcom/sun/tools/javac/util/Context;Lcom/sun/tools/javac/util/List;Ljava/lang/Iterable;)Lcom/sun/tools/javac/main/Main$Result;+7
j  com.sun.tools.javac.main.Main.compile([Ljava/lang/String;Lcom/sun/tools/javac/util/Context;)Lcom/sun/tools/javac/main/Main$Result;+7
j  com.sun.tools.javac.main.Main.compile([Ljava/lang/String;)Lcom/sun/tools/javac/main/Main$Result;+15
j  com.sun.tools.javac.Main.compile([Ljava/lang/String;)I+12
j  com.sun.tools.javac.Main.main([Ljava/lang/String;)V+1
v  ~StubRoutines::call_stub

---------------  P R O C E S S  ---------------

Java Threads: ( => current thread )
  0xf6f91800 JavaThread "Service Thread" daemon [_thread_blocked, id=7189, stack(0xe3aaf000,0xe3b00000)]
  0xf6f86400 JavaThread "C1 CompilerThread0" daemon [_thread_blocked, id=7188, stack(0xe3c06000,0xe3c86000)]
  0xf6f84c00 JavaThread "Signal Dispatcher" daemon [_thread_blocked, id=7187, stack(0xe440d000,0xe445e000)]
  0xf6f6a000 JavaThread "Finalizer" daemon [_thread_blocked, id=7186, stack(0xe445e000,0xe44af000)]
  0xf6f67000 JavaThread "Reference Handler" daemon [_thread_blocked, id=7185, stack(0xe44af000,0xe4500000)]
=>0xf6f09c00 JavaThread "main" [_thread_in_vm, id=7183, stack(0xf7080000,0xf70d0000)]

Other Threads:
  0xf6f61800 VMThread [stack: 0xe462e000,0xe46ae000] [id=7184]
  0xf6f93c00 WatcherThread [stack: 0xe3a2f000,0xe3aaf000] [id=7190]

VM state:not at safepoint (normal execution)

VM Mutex/Monitor currently owned by a thread:  ([mutex/lock_event])
[0xf6f08690] AdapterHandlerLibrary_lock - owner thread: 0xf6f09c00

Heap:
 def new generation   total 2432K, used 1806K [0xe4e00000, 0xe50a0000, 0xea350000)
  eden space 2176K,  71% used [0xe4e00000, 0xe4f83a18, 0xe5020000)
  from space 256K, 100% used [0xe5060000, 0xe50a0000, 0xe50a0000)
  to   space 256K,   0% used [0xe5020000, 0xe5020000, 0xe5060000)
 tenured generation   total 5504K, used 180K [0xea350000, 0xea8b0000, 0xf4e00000)
   the space 5504K,   3% used [0xea350000, 0xea37d248, 0xea37d400, 0xea8b0000)
 Metaspace       used 2664K, capacity 2876K, committed 2968K, reserved 4400K

Card table byte_map: [0xe4d7f000,0xe4e00000] byte_map_base: 0xe4658000

Polling page: 0xf7fdf000

CodeCache: size=32768Kb used=782Kb max_used=782Kb free=31985Kb
 bounds [0xf4f00000, 0xf4fc8000, 0xf6f00000]
 total_blobs=181 nmethods=41 adapters=71
 compilation: enabled

Compilation events (10 events):
Event: 0.371 Thread 0xf6f86400   37             java.lang.AbstractStringBuilder::ensureCapacityInternal (27 bytes)
Event: 0.372 Thread 0xf6f86400 nmethod 37 0xf4fc22c8 code [0xf4fc23e0, 0xf4fc25a8]
Event: 0.382 Thread 0xf6f86400   38             java.lang.AbstractStringBuilder::append (50 bytes)
Event: 0.382 Thread 0xf6f86400 nmethod 38 0xf4fc2688 code [0xf4fc27c0, 0xf4fc2a20]
Event: 0.382 Thread 0xf6f86400   39             java.lang.String::getChars (62 bytes)
Event: 0.382 Thread 0xf6f86400 nmethod 39 0xf4fc2c08 code [0xf4fc2d50, 0xf4fc2f70]
Event: 0.385 Thread 0xf6f86400   40             java.util.HashMap::hash (20 bytes)
Event: 0.385 Thread 0xf6f86400 nmethod 40 0xf4fc3148 code [0xf4fc3250, 0xf4fc32ec]
Event: 0.394 Thread 0xf6f86400   41             java.net.URL::getHost (5 bytes)
Event: 0.395 Thread 0xf6f86400 nmethod 41 0xf4fc3748 code [0xf4fc3840, 0xf4fc38c0]

GC Heap History (2 events):
Event: 0.331 GC heap before
{Heap before GC invocations=0 (full 0):
 def new generation   total 2432K, used 2176K [0xe4e00000, 0xe50a0000, 0xea350000)
  eden space 2176K, 100% used [0xe4e00000, 0xe5020000, 0xe5020000)
  from space 256K,   0% used [0xe5020000, 0xe5020000, 0xe5060000)
  to   space 256K,   0% used [0xe5060000, 0xe5060000, 0xe50a0000)
 tenured generation   total 5504K, used 0K [0xea350000, 0xea8b0000, 0xf4e00000)
   the space 5504K,   0% used [0xea350000, 0xea350000, 0xea350200, 0xea8b0000)
 Metaspace       used 2354K, capacity 2588K, committed 2712K, reserved 4400K
Event: 0.337 GC heap after
Heap after GC invocations=1 (full 0):
 def new generation   total 2432K, used 256K [0xe4e00000, 0xe50a0000, 0xea350000)
  eden space 2176K,   0% used [0xe4e00000, 0xe4e00000, 0xe5020000)
  from space 256K, 100% used [0xe5060000, 0xe50a0000, 0xe50a0000)
  to   space 256K,   0% used [0xe5020000, 0xe5020000, 0xe5060000)
 tenured generation   total 5504K, used 180K [0xea350000, 0xea8b0000, 0xf4e00000)
   the space 5504K,   3% used [0xea350000, 0xea37d248, 0xea37d400, 0xea8b0000)
 Metaspace       used 2354K, capacity 2588K, committed 2712K, reserved 4400K
}

Deoptimization events (0 events):
No events

Classes redefined (0 events):
No events

Internal exceptions (8 events):
Event: 0.067 Thread 0xf6f09c00 Exception <a 'java/lang/NoSuchMethodError': Method sun.misc.Unsafe.defineClass(Ljava/lang/String;[BII)Ljava/lang/Class; name or signature does not match> (0xe4e06ea8) thrown at [/HUDSON/workspace/8-2-build-linux-i586/jdk8u221/13320/hotspot/src/share/vm/pr
Event: 0.067 Thread 0xf6f09c00 Exception <a 'java/lang/NoSuchMethodError': Method sun.misc.Unsafe.prefetchRead(Ljava/lang/Object;J)V name or signature does not match> (0xe4e07178) thrown at [/HUDSON/workspace/8-2-build-linux-i586/jdk8u221/13320/hotspot/src/share/vm/prims/jni.cpp, line 
Event: 0.231 Thread 0xf6f09c00 Exception <a 'java/security/PrivilegedActionException'> (0xe4f3ff78) thrown at [/HUDSON/workspace/8-2-build-linux-i586/jdk8u221/13320/hotspot/src/share/vm/prims/jvm.cpp, line 1502]
Event: 0.231 Thread 0xf6f09c00 Exception <a 'java/security/PrivilegedActionException'> (0xe4f40358) thrown at [/HUDSON/workspace/8-2-build-linux-i586/jdk8u221/13320/hotspot/src/share/vm/prims/jvm.cpp, line 1502]
Event: 0.231 Thread 0xf6f09c00 Exception <a 'java/security/PrivilegedActionException'> (0xe4f426c8) thrown at [/HUDSON/workspace/8-2-build-linux-i586/jdk8u221/13320/hotspot/src/share/vm/prims/jvm.cpp, line 1502]
Event: 0.231 Thread 0xf6f09c00 Exception <a 'java/security/PrivilegedActionException'> (0xe4f42aa8) thrown at [/HUDSON/workspace/8-2-build-linux-i586/jdk8u221/13320/hotspot/src/share/vm/prims/jvm.cpp, line 1502]
Event: 0.236 Thread 0xf6f09c00 Exception <a 'java/security/PrivilegedActionException'> (0xe4f58db8) thrown at [/HUDSON/workspace/8-2-build-linux-i586/jdk8u221/13320/hotspot/src/share/vm/prims/jvm.cpp, line 1502]
Event: 0.236 Thread 0xf6f09c00 Exception <a 'java/security/PrivilegedActionException'> (0xe4f59198) thrown at [/HUDSON/workspace/8-2-build-linux-i586/jdk8u221/13320/hotspot/src/share/vm/prims/jvm.cpp, line 1502]

Events (10 events):
Event: 0.394 loading class com/sun/tools/javac/jvm/ClassReader$AttributeKind
Event: 0.394 loading class com/sun/tools/javac/jvm/ClassReader$AttributeKind done
Event: 0.394 loading class com/sun/tools/javac/jvm/ClassReader$1
Event: 0.394 loading class com/sun/tools/javac/jvm/ClassReader$1 done
Event: 0.395 loading class com/sun/tools/javac/code/Symtab
Event: 0.395 loading class com/sun/tools/javac/code/Symtab done
Event: 0.395 loading class com/sun/tools/javac/code/Type$BottomType
Event: 0.395 loading class com/sun/tools/javac/code/Type$BottomType done
Event: 0.395 loading class javax/lang/model/type/NullType
Event: 0.395 loading class javax/lang/model/type/NullType done


Dynamic libraries:
08048000-08049000 r-xp 00000000 08:12 11931672                           /usr/lib/jvm/jdk1.8.0_221/bin/javac
08049000-0804a000 r--p 00000000 08:12 11931672                           /usr/lib/jvm/jdk1.8.0_221/bin/javac
0804a000-0804b000 rw-p 00001000 08:12 11931672                           /usr/lib/jvm/jdk1.8.0_221/bin/javac
097c1000-097e3000 rw-p 00000000 00:00 0                                  [heap]
e35f1000-e3700000 rw-p 00000000 00:00 0 
e3700000-e3758000 rw-p 00000000 00:00 0 
e3758000-e3800000 ---p 00000000 00:00 0 
e3813000-e3886000 rw-p 00000000 00:00 0 
e3886000-e3900000 r--s 010fd000 08:12 11809217                           /usr/lib/jvm/jdk1.8.0_221/lib/tools.jar
e3900000-e3921000 rw-p 00000000 00:00 0 
e3921000-e3a00000 ---p 00000000 00:00 0 
e3a2e000-e3a2f000 ---p 00000000 00:00 0 
e3a2f000-e3aaf000 rw-p 00000000 00:00 0 
e3aaf000-e3ab2000 ---p 00000000 00:00 0 
e3ab2000-e3b00000 rw-p 00000000 00:00 0 
e3b00000-e3bba000 rw-p 00000000 00:00 0 
e3bba000-e3c00000 ---p 00000000 00:00 0 
e3c05000-e3c06000 ---p 00000000 00:00 0 
e3c06000-e3c09000 ---p 00000000 00:00 0 
e3c09000-e3c86000 rw-p 00000000 00:00 0 
e3c86000-e3f00000 r--p 0006b000 08:12 7602623                            /usr/lib/locale/locale-archive
e3f00000-e4100000 r--p 00000000 08:12 7602623                            /usr/lib/locale/locale-archive
e4100000-e4121000 rw-p 00000000 00:00 0 
e4121000-e4200000 ---p 00000000 00:00 0 
e4200000-e4221000 rw-p 00000000 00:00 0 
e4221000-e4300000 ---p 00000000 00:00 0 
e4300000-e4321000 rw-p 00000000 00:00 0 
e4321000-e4400000 ---p 00000000 00:00 0 
e440d000-e4410000 ---p 00000000 00:00 0 
e4410000-e445e000 rw-p 00000000 00:00 0 
e445e000-e4461000 ---p 00000000 00:00 0 
e4461000-e44af000 rw-p 00000000 00:00 0 
e44af000-e44b2000 ---p 00000000 00:00 0 
e44b2000-e4500000 rw-p 00000000 00:00 0 
e4500000-e4521000 rw-p 00000000 00:00 0 
e4521000-e4600000 ---p 00000000 00:00 0 
e462d000-e462e000 ---p 00000000 00:00 0 
e462e000-e46fe000 rw-p 00000000 00:00 0 
e46fe000-e48d8000 r--s 03d88000 08:12 11809120                           /usr/lib/jvm/jdk1.8.0_221/jre/lib/rt.jar
e48d8000-e4c19000 rw-p 00000000 00:00 0 
e4c19000-e4d7f000 ---p 00000000 00:00 0 
e4d7f000-e4d81000 rw-p 00000000 00:00 0 
e4d81000-e4da9000 ---p 00000000 00:00 0 
e4da9000-e4dad000 rw-p 00000000 00:00 0 
e4dad000-e4dff000 ---p 00000000 00:00 0 
e4dff000-e50a0000 rw-p 00000000 00:00 0 
e50a0000-ea350000 ---p 00000000 00:00 0 
ea350000-ea8b0000 rw-p 00000000 00:00 0 
ea8b0000-f4e00000 ---p 00000000 00:00 0 
f4e2a000-f4e2d000 rw-p 00000000 00:00 0 
f4e2d000-f4e80000 ---p 00000000 00:00 0 
f4e80000-f4e84000 rw-p 00000000 00:00 0 
f4e84000-f4f00000 ---p 00000000 00:00 0 
f4f00000-f4fc8000 rwxp 00000000 00:00 0 
f4fc8000-f6f00000 ---p 00000000 00:00 0 
f6f00000-f6ff4000 rw-p 00000000 00:00 0 
f6ff4000-f7000000 ---p 00000000 00:00 0 
f7015000-f7017000 r--p 00000000 08:12 7627577                            /usr/lib32/libnss_files-2.28.so
f7017000-f701e000 r-xp 00002000 08:12 7627577                            /usr/lib32/libnss_files-2.28.so
f701e000-f7021000 r--p 00009000 08:12 7627577                            /usr/lib32/libnss_files-2.28.so
f7021000-f7022000 ---p 0000c000 08:12 7627577                            /usr/lib32/libnss_files-2.28.so
f7022000-f7023000 r--p 0000c000 08:12 7627577                            /usr/lib32/libnss_files-2.28.so
f7023000-f7024000 rw-p 0000d000 08:12 7627577                            /usr/lib32/libnss_files-2.28.so
f7024000-f702a000 rw-p 00000000 00:00 0 
f702e000-f7049000 r-xp 00000000 08:12 11809001                           /usr/lib/jvm/jdk1.8.0_221/jre/lib/i386/libzip.so
f7049000-f704a000 r--p 0001a000 08:12 11809001                           /usr/lib/jvm/jdk1.8.0_221/jre/lib/i386/libzip.so
f704a000-f704b000 rw-p 0001b000 08:12 11809001                           /usr/lib/jvm/jdk1.8.0_221/jre/lib/i386/libzip.so
f704b000-f7072000 r-xp 00000000 08:12 11808978                           /usr/lib/jvm/jdk1.8.0_221/jre/lib/i386/libjava.so
f7072000-f7073000 r--p 00026000 08:12 11808978                           /usr/lib/jvm/jdk1.8.0_221/jre/lib/i386/libjava.so
f7073000-f7074000 rw-p 00027000 08:12 11808978                           /usr/lib/jvm/jdk1.8.0_221/jre/lib/i386/libjava.so
f7074000-f7076000 r--p 00000000 08:12 7627584                            /usr/lib32/librt-2.28.so
f7076000-f707a000 r-xp 00002000 08:12 7627584                            /usr/lib32/librt-2.28.so
f707a000-f707c000 r--p 00006000 08:12 7627584                            /usr/lib32/librt-2.28.so
f707c000-f707d000 ---p 00008000 08:12 7627584                            /usr/lib32/librt-2.28.so
f707d000-f707e000 r--p 00008000 08:12 7627584                            /usr/lib32/librt-2.28.so
f707e000-f707f000 rw-p 00009000 08:12 7627584                            /usr/lib32/librt-2.28.so
f707f000-f7080000 ---p 00000000 00:00 0 
f7080000-f7083000 ---p 00000000 00:00 0 
f7083000-f70d0000 rw-p 00000000 00:00 0 
f70d0000-f70da000 r--p 00000000 08:12 7627572                            /usr/lib32/libm-2.28.so
f70da000-f7163000 r-xp 0000a000 08:12 7627572                            /usr/lib32/libm-2.28.so
f7163000-f719d000 r--p 00093000 08:12 7627572                            /usr/lib32/libm-2.28.so
f719d000-f719e000 r--p 000cc000 08:12 7627572                            /usr/lib32/libm-2.28.so
f719e000-f719f000 rw-p 000cd000 08:12 7627572                            /usr/lib32/libm-2.28.so
f719f000-f792d000 r-xp 00000000 08:12 11809036                           /usr/lib/jvm/jdk1.8.0_221/jre/lib/i386/client/libjvm.so
f792d000-f792e000 ---p 0078e000 08:12 11809036                           /usr/lib/jvm/jdk1.8.0_221/jre/lib/i386/client/libjvm.so
f792e000-f7939000 r--p 0078e000 08:12 11809036                           /usr/lib/jvm/jdk1.8.0_221/jre/lib/i386/client/libjvm.so
f7939000-f7950000 rw-p 00799000 08:12 11809036                           /usr/lib/jvm/jdk1.8.0_221/jre/lib/i386/client/libjvm.so
f7950000-f7d74000 rw-p 00000000 00:00 0 
f7d74000-f7d8d000 r--p 00000000 08:12 7627569                            /usr/lib32/libc-2.28.so
f7d8d000-f7edb000 r-xp 00019000 08:12 7627569                            /usr/lib32/libc-2.28.so
f7edb000-f7f4b000 r--p 00167000 08:12 7627569                            /usr/lib32/libc-2.28.so
f7f4b000-f7f4c000 ---p 001d7000 08:12 7627569                            /usr/lib32/libc-2.28.so
f7f4c000-f7f4e000 r--p 001d7000 08:12 7627569                            /usr/lib32/libc-2.28.so
f7f4e000-f7f4f000 rw-p 001d9000 08:12 7627569                            /usr/lib32/libc-2.28.so
f7f4f000-f7f52000 rw-p 00000000 00:00 0 
f7f52000-f7f53000 r--p 00000000 08:12 7627571                            /usr/lib32/libdl-2.28.so
f7f53000-f7f55000 r-xp 00001000 08:12 7627571                            /usr/lib32/libdl-2.28.so
f7f55000-f7f56000 r--p 00003000 08:12 7627571                            /usr/lib32/libdl-2.28.so
f7f56000-f7f57000 r--p 00003000 08:12 7627571                            /usr/lib32/libdl-2.28.so
f7f57000-f7f58000 rw-p 00004000 08:12 7627571                            /usr/lib32/libdl-2.28.so
f7f58000-f7f6e000 r-xp 00000000 08:12 11809222                           /usr/lib/jvm/jdk1.8.0_221/lib/i386/jli/libjli.so
f7f6e000-f7f6f000 r--p 00015000 08:12 11809222                           /usr/lib/jvm/jdk1.8.0_221/lib/i386/jli/libjli.so
f7f6f000-f7f70000 rw-p 00016000 08:12 11809222                           /usr/lib/jvm/jdk1.8.0_221/lib/i386/jli/libjli.so
f7f70000-f7f75000 r--p 00000000 08:12 7627582                            /usr/lib32/libpthread-2.28.so
f7f75000-f7f85000 r-xp 00005000 08:12 7627582                            /usr/lib32/libpthread-2.28.so
f7f85000-f7f8c000 r--p 00015000 08:12 7627582                            /usr/lib32/libpthread-2.28.so
f7f8c000-f7f8d000 ---p 0001c000 08:12 7627582                            /usr/lib32/libpthread-2.28.so
f7f8d000-f7f8e000 r--p 0001c000 08:12 7627582                            /usr/lib32/libpthread-2.28.so
f7f8e000-f7f8f000 rw-p 0001d000 08:12 7627582                            /usr/lib32/libpthread-2.28.so
f7f8f000-f7f91000 rw-p 00000000 00:00 0 
f7f9b000-f7fa3000 rw-s 00000000 08:12 11025158                           /tmp/hsperfdata_adrian/7179
f7fa3000-f7fa4000 rw-p 00000000 00:00 0 
f7fa4000-f7faf000 r-xp 00000000 08:12 11809027                           /usr/lib/jvm/jdk1.8.0_221/jre/lib/i386/libverify.so
f7faf000-f7fb0000 ---p 0000b000 08:12 11809027                           /usr/lib/jvm/jdk1.8.0_221/jre/lib/i386/libverify.so
f7fb0000-f7fb1000 r--p 0000b000 08:12 11809027                           /usr/lib/jvm/jdk1.8.0_221/jre/lib/i386/libverify.so
f7fb1000-f7fb2000 rw-p 0000c000 08:12 11809027                           /usr/lib/jvm/jdk1.8.0_221/jre/lib/i386/libverify.so
f7fb2000-f7fb4000 rw-p 00000000 00:00 0 
f7fb4000-f7fb7000 r--p 00000000 00:00 0                                  [vvar]
f7fb7000-f7fb8000 r-xp 00000000 00:00 0                                  [vdso]
f7fb8000-f7fb9000 r--p 00000000 08:12 7627972                            /usr/lib/i386-linux-gnu/ld-2.28.so
f7fb9000-f7fd5000 r-xp 00001000 08:12 7627972                            /usr/lib/i386-linux-gnu/ld-2.28.so
f7fd5000-f7fdf000 r--p 0001d000 08:12 7627972                            /usr/lib/i386-linux-gnu/ld-2.28.so
f7fdf000-f7fe0000 r--p 00000000 00:00 0 
f7fe0000-f7fe1000 r--p 00027000 08:12 7627972                            /usr/lib/i386-linux-gnu/ld-2.28.so
f7fe1000-f7fe2000 rw-p 00028000 08:12 7627972                            /usr/lib/i386-linux-gnu/ld-2.28.so
ffe3d000-ffe5f000 rw-p 00000000 00:00 0                                  [stack]

VM Arguments:
jvm_args: -Dapplication.home=/usr/lib/jvm/jdk1.8.0_221 -Xms8m 
java_command: com.sun.tools.javac.Main -d /home/adrian/Desarrollo/gymProyect/build/classes -classpath /home/adrian/Desarrollo/gymProyect/build/classes:/opt/netbeans/java/modules/ext/eclipselink/javax.persistence-2.1.0.jar:/home/adrian/Desarrollo/gymProyect/librerias/jna-5.1.0.jar:/opt/netbeans/java/modules/ext/AbsoluteLayout.jar:/home/adrian/Desarrollo/gymProyect/src/libreriasLector/dpfpenrollment.jar:/home/adrian/Desarrollo/gymProyect/src/libreriasLector/dpfpverification.jar:/home/adrian/Desarrollo/gymProyect/src/libreriasLector/dpotapi.jar:/home/adrian/Desarrollo/gymProyect/src/libreriasLector/dpotjni.jar:/home/adrian/Desarrollo/gymProyect/librerias/webcam-capture-0.3.10.jar:/home/adrian/Desarrollo/gymProyect/librerias/bridj-0.6.2.jar:/home/adrian/Desarrollo/gymProyect/librerias/slf4j-api-1.7.2.jar:/opt/netbeans/ide/modules/ext/postgresql-42.2.5.jar:/home/adrian/Desarrollo/gymProyect/librerias/LGoodDatePicker-10.4.1.jar:/home/adrian/Desarrollo/gymProyect/librerias/postgresql-42.2.5.jar:/home/adrian/Desarrollo/gymProyect/librerias/itextpdf-5.5.13.jar:/home/adrian/Desarrollo/gymProyect/librerias/c3p0-0.9.2.1.jar:/home/adrian/Downloads/c3p0-0.9.5.2.bin/c3p0-0.9.5.2/lib/c3p0-oracle-thin-extras-0.9.5.2.jar:/home/adrian/Desarrollo/gymProyect/librerias/mchange-commons-java-0.2.3.4.jar:/home/adrian/NetBeansProjects/hibernate-release-5.4.3.Final:/home/adrian/Desarrollo/SoftGeneris/gimnasio (1)/gymProyect/librerias/hibernate-c3p0-4.3.1.Final.jar:/home/adrian/Desarrollo/SoftGeneris/gimnasio (1)/gymProyect/librerias/hibernate-commons-annotations-4.0.4.Final.jar:/home/adrian/Desarrollo/SoftGeneris/gimnasio (1)/gymProyect/librerias/hibernate-core-4.3.1.Final.jar:/home/adrian/Desarrollo/SoftGeneris/gimnasio (1)/gymProyect/librerias/hibernate-ehcache-4.3.1.Final.jar:/home/adrian/Desarrollo/SoftGeneris/gimnasio (1)/gymProyect/librerias/hibernate-entitymanager-4.3.1.Final.jar -sourcepath /home/adrian/Desarrollo/gymProyect/build/empty -target 1.8 -encoding UTF-8 -g -processorpath 
java_class_path (initial): /usr/lib/jvm/jdk1.8.0_221/lib/tools.jar:/usr/lib/jvm/jdk1.8.0_221/classes
Launcher Type: SUN_STANDARD

Environment Variables:
PATH=/sbin:/usr/local/bin:/usr/bin:/bin:/usr/local/games:/usr/games:/snap/bin:/home/adrian/bin
USERNAME=adrian
SHELL=/bin/bash
DISPLAY=:0

Signal Handlers:
SIGSEGV: [libjvm.so+0x5fc010], sa_mask[0]=11111111011111111101111111111110, sa_flags=SA_RESTART|SA_SIGINFO
SIGBUS: [libjvm.so+0x5fc010], sa_mask[0]=11111111011111111101111111111110, sa_flags=SA_RESTART|SA_SIGINFO
SIGFPE: [libjvm.so+0x4c2e60], sa_mask[0]=11111111011111111101111111111110, sa_flags=SA_RESTART|SA_SIGINFO
SIGPIPE: [libjvm.so+0x4c2e60], sa_mask[0]=11111111011111111101111111111110, sa_flags=SA_RESTART|SA_SIGINFO
SIGXFSZ: [libjvm.so+0x4c2e60], sa_mask[0]=11111111011111111101111111111110, sa_flags=SA_RESTART|SA_SIGINFO
SIGILL: [libjvm.so+0x4c2e60], sa_mask[0]=11111111011111111101111111111110, sa_flags=SA_RESTART|SA_SIGINFO
SIGUSR1: SIG_DFL, sa_mask[0]=00000000000000000000000000000000, sa_flags=none
SIGUSR2: [libjvm.so+0x4c2cd0], sa_mask[0]=00100000000000000000000000000000, sa_flags=SA_RESTART|SA_SIGINFO
SIGHUP: [libjvm.so+0x4c3390], sa_mask[0]=11111111011111111101111111111110, sa_flags=SA_RESTART|SA_SIGINFO
SIGINT: SIG_IGN, sa_mask[0]=00000000000000000000000000000000, sa_flags=none
SIGTERM: [libjvm.so+0x4c3390], sa_mask[0]=11111111011111111101111111111110, sa_flags=SA_RESTART|SA_SIGINFO
SIGQUIT: [libjvm.so+0x4c3390], sa_mask[0]=11111111011111111101111111111110, sa_flags=SA_RESTART|SA_SIGINFO


---------------  S Y S T E M  ---------------

OS:PRETTY_NAME="Debian GNU/Linux 10 (buster)"
NAME="Debian GNU/Linux"
VERSION_ID="10"
VERSION="10 (buster)"
VERSION_CODENAME=buster
ID=debian
HOME_URL="https://www.debian.org/"
SUPPORT_URL="https://www.debian.org/support"
BUG_REPORT_URL="https://bugs.debian.org/"

uname:Linux 5.2.8 #1 SMP Sun Aug 11 11:43:05 -03 2019 x86_64
libc:glibc 2.28 NPTL 2.28 
rlimit: STACK 8192k, CORE 0k, NPROC 13293, NOFILE 1048576, AS infinity
load average:1.28 1.00 1.09

/proc/meminfo:
MemTotal:        3947880 kB
MemFree:          116652 kB
MemAvailable:     576200 kB
Buffers:           80704 kB
Cached:           668536 kB
SwapCached:        66264 kB
Active:          2552916 kB
Inactive:         895884 kB
Active(anon):    2227320 kB
Inactive(anon):   618172 kB
Active(file):     325596 kB
Inactive(file):   277712 kB
Unevictable:        9148 kB
Mlocked:              48 kB
SwapTotal:       4100092 kB
SwapFree:        2947876 kB
Dirty:                32 kB
Writeback:             0 kB
AnonPages:       2694724 kB
Mapped:           277516 kB
Shmem:            145928 kB
KReclaimable:     124268 kB
Slab:             235304 kB
SReclaimable:     124268 kB
SUnreclaim:       111036 kB
KernelStack:       12624 kB
PageTables:        40408 kB
NFS_Unstable:          0 kB
Bounce:                0 kB
WritebackTmp:          0 kB
CommitLimit:     6074032 kB
Committed_AS:    8966936 kB
VmallocTotal:   34359738367 kB
VmallocUsed:           0 kB
VmallocChunk:          0 kB
Percpu:             3296 kB
HardwareCorrupted:     0 kB
AnonHugePages:    487424 kB
ShmemHugePages:        0 kB
ShmemPmdMapped:        0 kB
CmaTotal:              0 kB
CmaFree:               0 kB
HugePages_Total:       0
HugePages_Free:        0
HugePages_Rsvd:        0
HugePages_Surp:        0
Hugepagesize:       2048 kB
Hugetlb:               0 kB
DirectMap4k:      292468 kB
DirectMap2M:     3809280 kB
DirectMap1G:           0 kB

container (cgroup) information:
container_type: cgroupv1
cpu_cpuset_cpus: 0-3
cpu_memory_nodes: 0
active_processor_count: 4
cpu_quota: -1
cpu_period: 100000
cpu_shares: -1
memory_limit_in_bytes: -1
memory_and_swap_limit_in_bytes: -2
memory_soft_limit_in_bytes: -1
memory_usage_in_bytes: 3344891904
memory_max_usage_in_bytes: 3589767168


CPU:total 4 (initial active 4) (2 cores per cpu, 2 threads per core) family 6 model 142 stepping 10, cmov, cx8, fxsr, mmx, sse, sse2, sse3, ssse3, sse4.1, sse4.2, popcnt, avx, avx2, aes, clmul, erms, 3dnowpref, lzcnt, ht, tsc, tscinvbit, bmi1, bmi2, adx

/proc/cpuinfo:
processor	: 0
vendor_id	: GenuineIntel
cpu family	: 6
model		: 142
model name	: Intel(R) Core(TM) i3-8130U CPU @ 2.20GHz
stepping	: 10
microcode	: 0x96
cpu MHz		: 3399.995
cache size	: 4096 KB
physical id	: 0
siblings	: 4
core id		: 0
cpu cores	: 2
apicid		: 0
initial apicid	: 0
fpu		: yes
fpu_exception	: yes
cpuid level	: 22
wp		: yes
flags		: fpu vme de pse tsc msr pae mce cx8 apic sep mtrr pge mca cmov pat pse36 clflush dts acpi mmx fxsr sse sse2 ss ht tm pbe syscall nx pdpe1gb rdtscp lm constant_tsc art arch_perfmon pebs bts rep_good nopl xtopology nonstop_tsc cpuid aperfmperf tsc_known_freq pni pclmulqdq dtes64 monitor ds_cpl vmx est tm2 ssse3 sdbg fma cx16 xtpr pdcm pcid sse4_1 sse4_2 x2apic movbe popcnt tsc_deadline_timer aes xsave avx f16c rdrand lahf_lm abm 3dnowprefetch cpuid_fault invpcid_single pti ssbd ibrs ibpb stibp tpr_shadow vnmi flexpriority ept vpid ept_ad fsgsbase tsc_adjust bmi1 avx2 smep bmi2 erms invpcid mpx rdseed adx smap clflushopt intel_pt xsaveopt xsavec xgetbv1 xsaves dtherm ida arat pln pts hwp hwp_notify hwp_act_window hwp_epp flush_l1d
bugs		: cpu_meltdown spectre_v1 spectre_v2 spec_store_bypass l1tf mds swapgs
bogomips	: 4416.00
clflush size	: 64
cache_alignment	: 64
address sizes	: 39 bits physical, 48 bits virtual
power management:

processor	: 1
vendor_id	: GenuineIntel
cpu family	: 6
model		: 142
model name	: Intel(R) Core(TM) i3-8130U CPU @ 2.20GHz
stepping	: 10
microcode	: 0x96
cpu MHz		: 3400.164
cache size	: 4096 KB
physical id	: 0
siblings	: 4
core id		: 1
cpu cores	: 2
apicid		: 2
initial apicid	: 2
fpu		: yes
fpu_exception	: yes
cpuid level	: 22
wp		: yes
flags		: fpu vme de pse tsc msr pae mce cx8 apic sep mtrr pge mca cmov pat pse36 clflush dts acpi mmx fxsr sse sse2 ss ht tm pbe syscall nx pdpe1gb rdtscp lm constant_tsc art arch_perfmon pebs bts rep_good nopl xtopology nonstop_tsc cpuid aperfmperf tsc_known_freq pni pclmulqdq dtes64 monitor ds_cpl vmx est tm2 ssse3 sdbg fma cx16 xtpr pdcm pcid sse4_1 sse4_2 x2apic movbe popcnt tsc_deadline_timer aes xsave avx f16c rdrand lahf_lm abm 3dnowprefetch cpuid_fault invpcid_single pti ssbd ibrs ibpb stibp tpr_shadow vnmi flexpriority ept vpid ept_ad fsgsbase tsc_adjust bmi1 avx2 smep bmi2 erms invpcid mpx rdseed adx smap clflushopt intel_pt xsaveopt xsavec xgetbv1 xsaves dtherm ida arat pln pts hwp hwp_notify hwp_act_window hwp_epp flush_l1d
bugs		: cpu_meltdown spectre_v1 spectre_v2 spec_store_bypass l1tf mds swapgs
bogomips	: 4416.00
clflush size	: 64
cache_alignment	: 64
address sizes	: 39 bits physical, 48 bits virtual
power management:

processor	: 2
vendor_id	: GenuineIntel
cpu family	: 6
model		: 142
model name	: Intel(R) Core(TM) i3-8130U CPU @ 2.20GHz
stepping	: 10
microcode	: 0x96
cpu MHz		: 3400.001
cache size	: 4096 KB
physical id	: 0
siblings	: 4
core id		: 0
cpu cores	: 2
apicid		: 1
initial apicid	: 1
fpu		: yes
fpu_exception	: yes
cpuid level	: 22
wp		: yes
flags		: fpu vme de pse tsc msr pae mce cx8 apic sep mtrr pge mca cmov pat pse36 clflush dts acpi mmx fxsr sse sse2 ss ht tm pbe syscall nx pdpe1gb rdtscp lm constant_tsc art arch_perfmon pebs bts rep_good nopl xtopology nonstop_tsc cpuid aperfmperf tsc_known_freq pni pclmulqdq dtes64 monitor ds_cpl vmx est tm2 ssse3 sdbg fma cx16 xtpr pdcm pcid sse4_1 sse4_2 x2apic movbe popcnt tsc_deadline_timer aes xsave avx f16c rdrand lahf_lm abm 3dnowprefetch cpuid_fault invpcid_single pti ssbd ibrs ibpb stibp tpr_shadow vnmi flexpriority ept vpid ept_ad fsgsbase tsc_adjust bmi1 avx2 smep bmi2 erms invpcid mpx rdseed adx smap clflushopt intel_pt xsaveopt xsavec xgetbv1 xsaves dtherm ida arat pln pts hwp hwp_notify hwp_act_window hwp_epp flush_l1d
bugs		: cpu_meltdown spectre_v1 spectre_v2 spec_store_bypass l1tf mds swapgs
bogomips	: 4416.00
clflush size	: 64
cache_alignment	: 64
address sizes	: 39 bits physical, 48 bits virtual
power management:

processor	: 3
vendor_id	: GenuineIntel
cpu family	: 6
model		: 142
model name	: Intel(R) Core(TM) i3-8130U CPU @ 2.20GHz
stepping	: 10
microcode	: 0x96
cpu MHz		: 3399.900
cache size	: 4096 KB
physical id	: 0
siblings	: 4
core id		: 1
cpu cores	: 2
apicid		: 3
initial apicid	: 3
fpu		: yes
fpu_exception	: yes
cpuid level	: 22
wp		: yes
flags		: fpu vme de pse tsc msr pae mce cx8 apic sep mtrr pge mca cmov pat pse36 clflush dts acpi mmx fxsr sse sse2 ss ht tm pbe syscall nx pdpe1gb rdtscp lm constant_tsc art arch_perfmon pebs bts rep_good nopl xtopology nonstop_tsc cpuid aperfmperf tsc_known_freq pni pclmulqdq dtes64 monitor ds_cpl vmx est tm2 ssse3 sdbg fma cx16 xtpr pdcm pcid sse4_1 sse4_2 x2apic movbe popcnt tsc_deadline_timer aes xsave avx f16c rdrand lahf_lm abm 3dnowprefetch cpuid_fault invpcid_single pti ssbd ibrs ibpb stibp tpr_shadow vnmi flexpriority ept vpid ept_ad fsgsbase tsc_adjust bmi1 avx2 smep bmi2 erms invpcid mpx rdseed adx smap clflushopt intel_pt xsaveopt xsavec xgetbv1 xsaves dtherm ida arat pln pts hwp hwp_notify hwp_act_window hwp_epp flush_l1d
bugs		: cpu_meltdown spectre_v1 spectre_v2 spec_store_bypass l1tf mds swapgs
bogomips	: 4416.00
clflush size	: 64
cache_alignment	: 64
address sizes	: 39 bits physical, 48 bits virtual
power management:



Memory: 4k page, physical 3947880k(116652k free), swap 4100092k(2947876k free)

vm_info: Java HotSpot(TM) Client VM (25.221-b11) for linux-x86 JRE (1.8.0_221-b11), built on Jul  4 2019 04:49:57 by "fedora" with gcc 7.3.0

time: Sat Nov 16 14:42:10 2019
timezone: -03
elapsed time: 0 seconds (0d 0h 0m 0s)

